2026-02-13 13:42:01,329 - INFO - Starting transformation for 2026-02-12
2026-02-13 13:42:01,389 - ERROR - Transformation failed | Error: Unable to find a usable engine; tried using: 'pyarrow', 'fastparquet'.
A suitable version of pyarrow or fastparquet is required for parquet support.
Trying to import the above resulted in these errors:
 - `Import pyarrow` failed. pyarrow is required for parquet support. Use pip or conda to install the pyarrow package.
 - `Import fastparquet` failed. fastparquet is required for parquet support. Use pip or conda to install the fastparquet package.
2026-02-13 13:45:06,045 - INFO - Starting transformation for 2026-02-12
2026-02-13 13:45:06,084 - ERROR - Transformation failed | Error: `Import pyarrow` failed. pyarrow is required for parquet support. Use pip or conda to install the pyarrow package.
2026-02-13 13:46:41,545 - INFO - Starting transformation for 2026-02-12
2026-02-13 13:46:41,769 - INFO - Transformation successful | Initial Records: 500 | Final Records: 500 | Output: C:\Users\Aryan Sahu\Documents\App Installer\mintifi_bnpl\batch-analytics-platform\data\processed\2026\02\12\cleaned_transactions.parquet
2026-02-15 10:55:09,523 - INFO - Starting transformation for 2026-02-14
2026-02-15 10:55:09,544 - INFO - Transformation successful | Initial Records: 500 | Final Records: 500 | Output: /home/runner/work/batch-analytics-platform/batch-analytics-platform/data/processed/2026/02/14/cleaned_transactions.parquet
2026-02-15 11:32:10,928 - INFO - Starting transformation for 2026-02-14
2026-02-15 11:32:10,950 - INFO - Transformation successful | Initial Records: 500 | Final Records: 500 | Output: /home/runner/work/batch-analytics-platform/batch-analytics-platform/data/processed/2026/02/14/cleaned_transactions.parquet
2026-02-15 11:34:10,187 - INFO - Starting transformation for 2026-02-14
2026-02-15 11:34:10,207 - INFO - Transformation successful | Initial Records: 500 | Final Records: 500 | Output: /home/runner/work/batch-analytics-platform/batch-analytics-platform/data/processed/2026/02/14/cleaned_transactions.parquet
2026-02-16 04:56:34,422 - INFO - Starting transformation for 2026-02-15
2026-02-16 04:56:34,443 - INFO - Transformation successful | Initial Records: 500 | Final Records: 500 | Output: /home/runner/work/batch-analytics-platform/batch-analytics-platform/data/processed/2026/02/15/cleaned_transactions.parquet
2026-02-17 03:31:14,819 - INFO - Starting transformation for 2026-02-16
2026-02-17 03:31:14,839 - INFO - Transformation successful | Initial Records: 500 | Final Records: 500 | Output: /home/runner/work/batch-analytics-platform/batch-analytics-platform/data/processed/2026/02/16/cleaned_transactions.parquet
2026-02-18 03:33:36,239 - INFO - Starting transformation for 2026-02-17
2026-02-18 03:33:36,259 - INFO - Transformation successful | Initial Records: 500 | Final Records: 500 | Output: /home/runner/work/batch-analytics-platform/batch-analytics-platform/data/processed/2026/02/17/cleaned_transactions.parquet
2026-02-19 03:32:33,633 - INFO - Starting transformation for 2026-02-18
2026-02-19 03:32:33,654 - INFO - Transformation successful | Initial Records: 500 | Final Records: 500 | Output: /home/runner/work/batch-analytics-platform/batch-analytics-platform/data/processed/2026/02/18/cleaned_transactions.parquet
2026-02-19 11:42:43,576 - INFO - Starting transformation for 2026-02-18
2026-02-19 11:42:44,623 - INFO - Transformation successful | Initial Records: 500 | Final Records: 500 | Output: C:\Users\Aryan Sahu\Documents\App Installer\mintifi_bnpl\batch-analytics-platform\data\processed\2026\02\18\cleaned_transactions.parquet
2026-02-19 11:44:58,088 - INFO - Starting transformation for 2026-02-18
2026-02-19 11:44:58,263 - INFO - Transformation successful | Initial Records: 500 | Final Records: 500 | Output: C:\Users\Aryan Sahu\Documents\App Installer\mintifi_bnpl\batch-analytics-platform\data\processed\2026\02\18\cleaned_transactions.parquet
2026-02-22 03:32:12,392 - INFO - Starting transformation for 2026-02-21
2026-02-22 03:32:12,412 - INFO - Transformation successful | Initial Records: 500 | Final Records: 500 | Output: /home/runner/work/batch-analytics-platform/batch-analytics-platform/data/processed/2026/02/21/cleaned_transactions.parquet
2026-02-23 03:35:53,215 - INFO - Starting transformation for 2026-02-22
2026-02-23 03:35:53,243 - INFO - Transformation successful | Initial Records: 500 | Final Records: 500 | Output: /home/runner/work/batch-analytics-platform/batch-analytics-platform/data/processed/2026/02/22/cleaned_transactions.parquet
2026-02-24 03:31:38,684 - INFO - Starting transformation for 2026-02-23
2026-02-24 03:31:38,705 - INFO - Transformation successful | Initial Records: 500 | Final Records: 500 | Output: /home/runner/work/batch-analytics-platform/batch-analytics-platform/data/processed/2026/02/23/cleaned_transactions.parquet
2026-02-25 03:31:54,225 - INFO - Starting transformation for 2026-02-24
2026-02-25 03:31:54,245 - INFO - Transformation successful | Initial Records: 500 | Final Records: 500 | Output: /home/runner/work/batch-analytics-platform/batch-analytics-platform/data/processed/2026/02/24/cleaned_transactions.parquet
2026-02-26 03:28:41,814 - INFO - Starting transformation for 2026-02-25
2026-02-26 03:28:41,835 - INFO - Transformation successful | Initial Records: 500 | Final Records: 500 | Output: /home/runner/work/batch-analytics-platform/batch-analytics-platform/data/processed/2026/02/25/cleaned_transactions.parquet
2026-02-27 03:25:44,514 - INFO - Starting transformation for 2026-02-26
2026-02-27 03:25:44,535 - INFO - Transformation successful | Initial Records: 500 | Final Records: 500 | Output: /home/runner/work/batch-analytics-platform/batch-analytics-platform/data/processed/2026/02/26/cleaned_transactions.parquet
2026-02-28 03:05:29,494 - INFO - Starting transformation for 2026-02-27
2026-02-28 03:05:29,514 - INFO - Transformation successful | Initial Records: 500 | Final Records: 500 | Output: /home/runner/work/batch-analytics-platform/batch-analytics-platform/data/processed/2026/02/27/cleaned_transactions.parquet
2026-03-01 03:37:16,525 - INFO - Starting transformation for 2026-02-28
2026-03-01 03:37:16,546 - INFO - Transformation successful | Initial Records: 500 | Final Records: 500 | Output: /home/runner/work/batch-analytics-platform/batch-analytics-platform/data/processed/2026/02/28/cleaned_transactions.parquet
2026-03-02 03:26:36,393 - INFO - Starting transformation for 2026-03-01
2026-03-02 03:26:36,413 - INFO - Transformation successful | Initial Records: 500 | Final Records: 500 | Output: /home/runner/work/batch-analytics-platform/batch-analytics-platform/data/processed/2026/03/01/cleaned_transactions.parquet
2026-03-03 03:29:32,289 - INFO - Starting transformation for 2026-03-02
2026-03-03 03:29:32,309 - INFO - Transformation successful | Initial Records: 500 | Final Records: 500 | Output: /home/runner/work/batch-analytics-platform/batch-analytics-platform/data/processed/2026/03/02/cleaned_transactions.parquet
2026-03-04 03:21:52,646 - INFO - Starting transformation for 2026-03-03
2026-03-04 03:21:52,668 - INFO - Transformation successful | Initial Records: 500 | Final Records: 500 | Output: /home/runner/work/batch-analytics-platform/batch-analytics-platform/data/processed/2026/03/03/cleaned_transactions.parquet
2026-03-05 03:24:39,458 - INFO - Starting transformation for 2026-03-04
2026-03-05 03:24:39,479 - INFO - Transformation successful | Initial Records: 500 | Final Records: 500 | Output: /home/runner/work/batch-analytics-platform/batch-analytics-platform/data/processed/2026/03/04/cleaned_transactions.parquet
2026-03-06 03:23:21,544 - INFO - Starting transformation for 2026-03-05
2026-03-06 03:23:21,565 - INFO - Transformation successful | Initial Records: 500 | Final Records: 500 | Output: /home/runner/work/batch-analytics-platform/batch-analytics-platform/data/processed/2026/03/05/cleaned_transactions.parquet
2026-03-07 03:10:34,032 - INFO - Starting transformation for 2026-03-06
2026-03-07 03:10:34,054 - INFO - Transformation successful | Initial Records: 500 | Final Records: 500 | Output: /home/runner/work/batch-analytics-platform/batch-analytics-platform/data/processed/2026/03/06/cleaned_transactions.parquet
2026-03-08 03:26:46,915 - INFO - Starting transformation for 2026-03-07
2026-03-08 03:26:46,936 - INFO - Transformation successful | Initial Records: 500 | Final Records: 500 | Output: /home/runner/work/batch-analytics-platform/batch-analytics-platform/data/processed/2026/03/07/cleaned_transactions.parquet
2026-03-09 03:30:02,621 - INFO - Starting transformation for 2026-03-08
2026-03-09 03:30:02,641 - INFO - Transformation successful | Initial Records: 500 | Final Records: 500 | Output: /home/runner/work/batch-analytics-platform/batch-analytics-platform/data/processed/2026/03/08/cleaned_transactions.parquet
2026-03-10 03:22:17,868 - INFO - Starting transformation for 2026-03-09
2026-03-10 03:22:17,889 - INFO - Transformation successful | Initial Records: 500 | Final Records: 500 | Output: /home/runner/work/batch-analytics-platform/batch-analytics-platform/data/processed/2026/03/09/cleaned_transactions.parquet
2026-03-11 03:21:59,101 - INFO - Starting transformation for 2026-03-10
2026-03-11 03:21:59,123 - INFO - Transformation successful | Initial Records: 500 | Final Records: 500 | Output: /home/runner/work/batch-analytics-platform/batch-analytics-platform/data/processed/2026/03/10/cleaned_transactions.parquet
2026-03-12 03:28:19,173 - INFO - Starting transformation for 2026-03-11
2026-03-12 03:28:19,196 - INFO - Transformation successful | Initial Records: 500 | Final Records: 500 | Output: /home/runner/work/batch-analytics-platform/batch-analytics-platform/data/processed/2026/03/11/cleaned_transactions.parquet
2026-03-13 03:24:42,239 - INFO - Starting transformation for 2026-03-12
2026-03-13 03:24:42,259 - INFO - Transformation successful | Initial Records: 500 | Final Records: 500 | Output: /home/runner/work/batch-analytics-platform/batch-analytics-platform/data/processed/2026/03/12/cleaned_transactions.parquet
2026-03-14 03:22:41,098 - INFO - Starting transformation for 2026-03-13
2026-03-14 03:22:41,118 - INFO - Transformation successful | Initial Records: 500 | Final Records: 500 | Output: /home/runner/work/batch-analytics-platform/batch-analytics-platform/data/processed/2026/03/13/cleaned_transactions.parquet
2026-03-15 03:47:01,079 - INFO - Starting transformation for 2026-03-14
2026-03-15 03:47:01,102 - INFO - Transformation successful | Initial Records: 500 | Final Records: 500 | Output: /home/runner/work/batch-analytics-platform/batch-analytics-platform/data/processed/2026/03/14/cleaned_transactions.parquet
2026-03-16 03:50:20,088 - INFO - Starting transformation for 2026-03-15
2026-03-16 03:50:20,109 - INFO - Transformation successful | Initial Records: 500 | Final Records: 500 | Output: /home/runner/work/batch-analytics-platform/batch-analytics-platform/data/processed/2026/03/15/cleaned_transactions.parquet
2026-03-17 03:29:14,589 - INFO - Starting transformation for 2026-03-16
2026-03-17 03:29:14,610 - INFO - Transformation successful | Initial Records: 500 | Final Records: 500 | Output: /home/runner/work/batch-analytics-platform/batch-analytics-platform/data/processed/2026/03/16/cleaned_transactions.parquet
2026-03-18 03:36:09,333 - INFO - Starting transformation for 2026-03-17
2026-03-18 03:36:09,355 - INFO - Transformation successful | Initial Records: 500 | Final Records: 500 | Output: /home/runner/work/batch-analytics-platform/batch-analytics-platform/data/processed/2026/03/17/cleaned_transactions.parquet
2026-03-19 03:36:10,509 - INFO - Starting transformation for 2026-03-18
2026-03-19 03:36:10,531 - INFO - Transformation successful | Initial Records: 500 | Final Records: 500 | Output: /home/runner/work/batch-analytics-platform/batch-analytics-platform/data/processed/2026/03/18/cleaned_transactions.parquet
